[    16.816] (--) Log file renamed from "/home/fittonia/.local/share/xorg/Xorg.pid-1456.log" to "/home/fittonia/.local/share/xorg/Xorg.0.log"
[    16.816] 
X.Org X Server 1.20.13
X Protocol Version 11, Revision 0
[    16.816] Build Operating System: linux Ubuntu
[    16.816] Current Operating System: Linux fittonia-Latitude-7290 5.15.0-75-generic #82~20.04.1-Ubuntu SMP Wed Jun 7 19:37:37 UTC 2023 x86_64
[    16.816] Kernel command line: BOOT_IMAGE=/boot/vmlinuz-5.15.0-75-generic root=UUID=95449666-8661-4175-ad6c-9e0708515d60 ro quiet splash vt.handoff=7
[    16.816] Build Date: 29 March 2023  12:53:02PM
[    16.816] xorg-server 2:1.20.13-1ubuntu1~20.04.8 (For technical support please see http://www.ubuntu.com/support) 
[    16.816] Current version of pixman: 0.38.4
[    16.816] 	Before reporting problems, check http://wiki.x.org
	to make sure that you have the latest version.
[    16.816] Markers: (--) probed, (**) from config file, (==) default setting,
	(++) from command line, (!!) notice, (II) informational,
	(WW) warning, (EE) error, (NI) not implemented, (??) unknown.
[    16.816] (==) Log file: "/home/fittonia/.local/share/xorg/Xorg.0.log", Time: Mon Jun 19 14:36:03 2023
[    16.820] (==) Using system config directory "/usr/share/X11/xorg.conf.d"
[    16.826] (==) No Layout section.  Using the first Screen section.
[    16.826] (==) No screen section available. Using defaults.
[    16.826] (**) |-->Screen "Default Screen Section" (0)
[    16.826] (**) |   |-->Monitor "<default monitor>"
[    16.827] (==) No monitor specified for screen "Default Screen Section".
	Using a default monitor configuration.
[    16.827] (==) Automatically adding devices
[    16.827] (==) Automatically enabling devices
[    16.827] (==) Automatically adding GPU devices
[    16.827] (==) Automatically binding GPU devices
[    16.827] (==) Max clients allowed: 256, resource mask: 0x1fffff
[    16.827] (WW) The directory "/usr/share/fonts/X11/cyrillic" does not exist.
[    16.827] 	Entry deleted from font path.
[    16.827] (WW) The directory "/usr/share/fonts/X11/100dpi/" does not exist.
[    16.827] 	Entry deleted from font path.
[    16.827] (WW) The directory "/usr/share/fonts/X11/75dpi/" does not exist.
[    16.827] 	Entry deleted from font path.
[    16.827] (WW) The directory "/usr/share/fonts/X11/100dpi" does not exist.
[    16.827] 	Entry deleted from font path.
[    16.827] (WW) The directory "/usr/share/fonts/X11/75dpi" does not exist.
[    16.827] 	Entry deleted from font path.
[    16.827] (==) FontPath set to:
	/usr/share/fonts/X11/misc,
	/usr/share/fonts/X11/Type1,
	built-ins
[    16.827] (==) ModulePath set to "/usr/lib/xorg/modules"
[    16.827] (II) The server relies on udev to provide the list of input devices.
	If no devices become available, reconfigure udev or disable AutoAddDevices.
[    16.827] (II) Loader magic: 0x55abfb236020
[    16.827] (II) Module ABI versions:
[    16.827] 	X.Org ANSI C Emulation: 0.4
[    16.827] 	X.Org Video Driver: 24.1
[    16.827] 	X.Org XInput driver : 24.1
[    16.827] 	X.Org Server Extension : 10.0
[    16.828] (++) using VT number 2

[    16.829] (II) systemd-logind: took control of session /org/freedesktop/login1/session/_32
[    16.830] (II) xfree86: Adding drm device (/dev/dri/card0)
[    16.831] (II) systemd-logind: got fd for /dev/dri/card0 226:0 fd 12 paused 0
[    16.833] (--) PCI:*(0@0:2:0) 8086:5917:1028:081a rev 7, Mem @ 0xeb000000/16777216, 0xa0000000/268435456, I/O @ 0x0000f000/64, BIOS @ 0x????????/131072
[    16.833] (II) LoadModule: "glx"
[    16.834] (II) Loading /usr/lib/xorg/modules/extensions/libglx.so
[    16.836] (II) Module glx: vendor="X.Org Foundation"
[    16.836] 	compiled for 1.20.13, module version = 1.0.0
[    16.836] 	ABI class: X.Org Server Extension, version 10.0
[    16.836] (==) Matched modesetting as autoconfigured driver 0
[    16.836] (==) Matched fbdev as autoconfigured driver 1
[    16.836] (==) Matched vesa as autoconfigured driver 2
[    16.836] (==) Assigned the driver to the xf86ConfigLayout
[    16.836] (II) LoadModule: "modesetting"
[    16.838] (II) Loading /usr/lib/xorg/modules/drivers/modesetting_drv.so
[    16.839] (II) Module modesetting: vendor="X.Org Foundation"
[    16.839] 	compiled for 1.20.13, module version = 1.20.13
[    16.839] 	Module class: X.Org Video Driver
[    16.839] 	ABI class: X.Org Video Driver, version 24.1
[    16.839] (II) LoadModule: "fbdev"
[    16.839] (II) Loading /usr/lib/xorg/modules/drivers/fbdev_drv.so
[    16.840] (II) Module fbdev: vendor="X.Org Foundation"
[    16.840] 	compiled for 1.20.1, module version = 0.5.0
[    16.840] 	Module class: X.Org Video Driver
[    16.840] 	ABI class: X.Org Video Driver, version 24.0
[    16.840] (II) LoadModule: "vesa"
[    16.840] (II) Loading /usr/lib/xorg/modules/drivers/vesa_drv.so
[    16.840] (II) Module vesa: vendor="X.Org Foundation"
[    16.840] 	compiled for 1.20.4, module version = 2.4.0
[    16.840] 	Module class: X.Org Video Driver
[    16.840] 	ABI class: X.Org Video Driver, version 24.0
[    16.840] (II) modesetting: Driver for Modesetting Kernel Drivers: kms
[    16.840] (II) FBDEV: driver for framebuffer: fbdev
[    16.840] (II) VESA: driver for VESA chipsets: vesa
[    16.840] xf86EnableIOPorts: failed to set IOPL for I/O (Operation not permitted)
[    16.840] (II) modeset(0): using drv /dev/dri/card0
[    16.840] (WW) Falling back to old probe method for fbdev
[    16.840] (II) Loading sub module "fbdevhw"
[    16.840] (II) LoadModule: "fbdevhw"
[    16.841] (II) Loading /usr/lib/xorg/modules/libfbdevhw.so
[    16.841] (II) Module fbdevhw: vendor="X.Org Foundation"
[    16.841] 	compiled for 1.20.13, module version = 0.0.2
[    16.841] 	ABI class: X.Org Video Driver, version 24.1
[    16.842] (EE) open /dev/fb0: Permission denied
[    16.842] (WW) VGA arbiter: cannot open kernel arbiter, no multi-card support
[    16.842] (II) modeset(0): Creating default Display subsection in Screen section
	"Default Screen Section" for depth/fbbpp 24/32
[    16.842] (==) modeset(0): Depth 24, (==) framebuffer bpp 32
[    16.842] (==) modeset(0): RGB weight 888
[    16.842] (==) modeset(0): Default visual is TrueColor
[    16.842] (II) Loading sub module "glamoregl"
[    16.842] (II) LoadModule: "glamoregl"
[    16.842] (II) Loading /usr/lib/xorg/modules/libglamoregl.so
[    16.846] (II) Module glamoregl: vendor="X.Org Foundation"
[    16.846] 	compiled for 1.20.13, module version = 1.0.1
[    16.846] 	ABI class: X.Org ANSI C Emulation, version 0.4
[    16.882] (II) modeset(0): glamor X acceleration enabled on Mesa Intel(R) UHD Graphics 620 (KBL GT2)
[    16.882] (II) modeset(0): glamor initialized
[    16.883] (II) modeset(0): Output eDP-1 has no monitor section
[    16.884] (II) modeset(0): Output DP-1 has no monitor section
[    16.888] (II) modeset(0): Output HDMI-1 has no monitor section
[    16.888] (II) modeset(0): Output DP-2 has no monitor section
[    16.892] (II) modeset(0): Output HDMI-2 has no monitor section
[    16.894] (II) modeset(0): EDID for output eDP-1
[    16.894] (II) modeset(0): Manufacturer: BOE  Model: 6c8  Serial#: 0
[    16.894] (II) modeset(0): Year: 2016  Week: 1
[    16.894] (II) modeset(0): EDID Version: 1.1
[    16.894] (II) modeset(0): Digital Display Input
[    16.894] (II) modeset(0): Max Image Size [cm]: horiz.: 28  vert.: 16
[    16.894] (II) modeset(0): Gamma: 2.20
[    16.894] (II) modeset(0): No DPMS capabilities specified
[    16.894] (II) modeset(0): Supported color encodings: RGB 4:4:4 
[    16.894] (II) modeset(0): First detailed timing is preferred mode
[    16.894] (II) modeset(0): redX: 0.592 redY: 0.347   greenX: 0.328 greenY: 0.570
[    16.894] (II) modeset(0): blueX: 0.150 blueY: 0.114   whiteX: 0.312 whiteY: 0.328
[    16.894] (II) modeset(0): Manufacturer's mask: 0
[    16.894] (II) modeset(0): Supported detailed timing:
[    16.894] (II) modeset(0): clock: 70.1 MHz   Image Size:  277 x 156 mm
[    16.894] (II) modeset(0): h_active: 1366  h_sync: 1414  h_sync_end 1446 h_blank_end 1485 h_border: 0
[    16.894] (II) modeset(0): v_active: 768  v_sync: 772  v_sync_end 776 v_blanking: 787 v_border: 0
[    16.894] (II) modeset(0): Supported detailed timing:
[    16.894] (II) modeset(0): clock: 60.2 MHz   Image Size:  277 x 156 mm
[    16.894] (II) modeset(0): h_active: 1366  h_sync: 1466  h_sync_end 1566 h_blank_end 1750 h_border: 0
[    16.894] (II) modeset(0): v_active: 768  v_sync: 788  v_sync_end 808 v_blanking: 860 v_border: 0
[    16.894] (II) modeset(0):  2HY74€NT12N42
[    16.894] (II) modeset(0): Unknown vendor-specific block 0
[    16.894] (II) modeset(0): EDID (in hex):
[    16.894] (II) modeset(0): 	00ffffffffffff0009e5c80600000000
[    16.894] (II) modeset(0): 	011a0101951c107802b0909758549226
[    16.894] (II) modeset(0): 	1d505400000001010101010101010101
[    16.894] (II) modeset(0): 	010101010101641b5677500013303020
[    16.894] (II) modeset(0): 	4400159c1000001a8417568051005c30
[    16.894] (II) modeset(0): 	64644405159c1000001a000000fe0032
[    16.894] (II) modeset(0): 	48593734804e5431324e343200000000
[    16.894] (II) modeset(0): 	00004101940010000009010a202000af
[    16.894] (II) modeset(0): Printing probed modes for output eDP-1
[    16.894] (II) modeset(0): Modeline "1366x768"x60.0   70.12  1366 1414 1446 1485  768 772 776 787 +hsync -vsync (47.2 kHz eP)
[    16.894] (II) modeset(0): Modeline "1366x768"x40.0   60.20  1366 1466 1566 1750  768 788 808 860 +hsync -vsync (34.4 kHz e)
[    16.894] (II) modeset(0): Modeline "1360x768"x59.8   84.75  1360 1432 1568 1776  768 771 781 798 -hsync +vsync (47.7 kHz d)
[    16.894] (II) modeset(0): Modeline "1360x768"x60.0   72.00  1360 1408 1440 1520  768 771 781 790 +hsync -vsync (47.4 kHz d)
[    16.894] (II) modeset(0): Modeline "1280x720"x120.0  156.12  1280 1376 1512 1744  720 721 724 746 doublescan -hsync +vsync (89.5 kHz d)
[    16.894] (II) modeset(0): Modeline "1280x720"x120.0  120.75  1280 1304 1320 1360  720 721 724 740 doublescan +hsync -vsync (88.8 kHz d)
[    16.894] (II) modeset(0): Modeline "1280x720"x59.9   74.50  1280 1344 1472 1664  720 723 728 748 -hsync +vsync (44.8 kHz d)
[    16.894] (II) modeset(0): Modeline "1280x720"x59.7   63.75  1280 1328 1360 1440  720 723 728 741 +hsync -vsync (44.3 kHz d)
[    16.894] (II) modeset(0): Modeline "1024x768"x120.1  133.47  1024 1100 1212 1400  768 768 770 794 doublescan -hsync +vsync (95.3 kHz d)
[    16.894] (II) modeset(0): Modeline "1024x768"x60.0   65.00  1024 1048 1184 1344  768 771 777 806 -hsync -vsync (48.4 kHz d)
[    16.894] (II) modeset(0): Modeline "960x720"x120.0  117.00  960 1024 1128 1300  720 720 722 750 doublescan -hsync +vsync (90.0 kHz d)
[    16.894] (II) modeset(0): Modeline "928x696"x120.1  109.15  928 976 1088 1264  696 696 698 719 doublescan -hsync +vsync (86.4 kHz d)
[    16.894] (II) modeset(0): Modeline "896x672"x120.0  102.40  896 960 1060 1224  672 672 674 697 doublescan -hsync +vsync (83.7 kHz d)
[    16.894] (II) modeset(0): Modeline "1024x576"x119.9   98.50  1024 1092 1200 1376  576 577 580 597 doublescan -hsync +vsync (71.6 kHz d)
[    16.894] (II) modeset(0): Modeline "1024x576"x119.9   78.38  1024 1048 1064 1104  576 577 580 592 doublescan +hsync -vsync (71.0 kHz d)
[    16.894] (II) modeset(0): Modeline "1024x576"x59.9   46.50  1024 1064 1160 1296  576 579 584 599 -hsync +vsync (35.9 kHz d)
[    16.894] (II) modeset(0): Modeline "1024x576"x59.8   42.00  1024 1072 1104 1184  576 579 584 593 +hsync -vsync (35.5 kHz d)
[    16.894] (II) modeset(0): Modeline "960x600"x119.9   96.62  960 1028 1128 1296  600 601 604 622 doublescan -hsync +vsync (74.6 kHz d)
[    16.894] (II) modeset(0): Modeline "960x600"x120.0   77.00  960 984 1000 1040  600 601 604 617 doublescan +hsync -vsync (74.0 kHz d)
[    16.894] (II) modeset(0): Modeline "960x540"x119.9   86.50  960 1024 1124 1288  540 541 544 560 doublescan -hsync +vsync (67.2 kHz d)
[    16.894] (II) modeset(0): Modeline "960x540"x120.0   69.25  960 984 1000 1040  540 541 544 555 doublescan +hsync -vsync (66.6 kHz d)
[    16.894] (II) modeset(0): Modeline "960x540"x59.6   40.75  960 992 1088 1216  540 543 548 562 -hsync +vsync (33.5 kHz d)
[    16.894] (II) modeset(0): Modeline "960x540"x59.8   37.25  960 1008 1040 1120  540 543 548 556 +hsync -vsync (33.3 kHz d)
[    16.895] (II) modeset(0): Modeline "800x600"x120.0   81.00  800 832 928 1080  600 600 602 625 doublescan +hsync +vsync (75.0 kHz d)
[    16.895] (II) modeset(0): Modeline "800x600"x60.3   40.00  800 840 968 1056  600 601 605 628 +hsync +vsync (37.9 kHz d)
[    16.895] (II) modeset(0): Modeline "800x600"x56.2   36.00  800 824 896 1024  600 601 603 625 +hsync +vsync (35.2 kHz d)
[    16.895] (II) modeset(0): Modeline "840x525"x120.0   73.12  840 892 980 1120  525 526 529 544 doublescan -hsync +vsync (65.3 kHz d)
[    16.895] (II) modeset(0): Modeline "840x525"x119.8   59.50  840 864 880 920  525 526 529 540 doublescan +hsync -vsync (64.7 kHz d)
[    16.895] (II) modeset(0): Modeline "864x486"x59.9   32.50  864 888 968 1072  486 489 494 506 -hsync +vsync (30.3 kHz d)
[    16.895] (II) modeset(0): Modeline "864x486"x59.6   30.50  864 912 944 1024  486 489 494 500 +hsync -vsync (29.8 kHz d)
[    16.895] (II) modeset(0): Modeline "800x512"x120.3   51.56  800 800 828 832  512 512 514 515 doublescan +hsync +vsync (62.0 kHz d)
[    16.895] (II) modeset(0): Modeline "700x525"x120.0   61.00  700 744 820 940  525 526 532 541 doublescan +hsync +vsync (64.9 kHz d)
[    16.895] (II) modeset(0): Modeline "800x450"x119.9   59.12  800 848 928 1056  450 451 454 467 doublescan -hsync +vsync (56.0 kHz d)
[    16.895] (II) modeset(0): Modeline "800x450"x119.6   48.75  800 824 840 880  450 451 454 463 doublescan +hsync -vsync (55.4 kHz d)
[    16.895] (II) modeset(0): Modeline "640x512"x120.0   54.00  640 664 720 844  512 512 514 533 doublescan +hsync +vsync (64.0 kHz d)
[    16.895] (II) modeset(0): Modeline "720x450"x119.8   53.25  720 760 836 952  450 451 454 467 doublescan -hsync +vsync (55.9 kHz d)
[    16.895] (II) modeset(0): Modeline "700x450"x119.9   51.75  700 740 812 924  450 451 456 467 doublescan -hsync +vsync (56.0 kHz d)
[    16.895] (II) modeset(0): Modeline "700x450"x119.8   43.25  700 724 740 780  450 451 456 463 doublescan +hsync -vsync (55.4 kHz d)
[    16.895] (II) modeset(0): Modeline "640x480"x120.0   54.00  640 688 744 900  480 480 482 500 doublescan +hsync +vsync (60.0 kHz d)
[    16.895] (II) modeset(0): Modeline "640x480"x59.9   25.18  640 656 752 800  480 490 492 525 -hsync -vsync (31.5 kHz d)
[    16.895] (II) modeset(0): Modeline "720x405"x59.5   22.50  720 744 808 896  405 408 413 422 -hsync +vsync (25.1 kHz d)
[    16.895] (II) modeset(0): Modeline "720x405"x59.0   21.75  720 768 800 880  405 408 413 419 +hsync -vsync (24.7 kHz d)
[    16.895] (II) modeset(0): Modeline "684x384"x119.8   42.62  684 720 788 892  384 385 390 399 doublescan -hsync +vsync (47.8 kHz d)
[    16.895] (II) modeset(0): Modeline "684x384"x119.7   36.12  684 708 724 764  384 385 390 395 doublescan +hsync -vsync (47.3 kHz d)
[    16.895] (II) modeset(0): Modeline "680x384"x119.6   42.38  680 716 784 888  384 385 390 399 doublescan -hsync +vsync (47.7 kHz d)
[    16.895] (II) modeset(0): Modeline "680x384"x119.9   36.00  680 704 720 760  384 385 390 395 doublescan +hsync -vsync (47.4 kHz d)
[    16.895] (II) modeset(0): Modeline "640x400"x119.8   41.75  640 676 740 840  400 401 404 415 doublescan -hsync +vsync (49.7 kHz d)
[    16.895] (II) modeset(0): Modeline "640x400"x120.0   35.50  640 664 680 720  400 401 404 411 doublescan +hsync -vsync (49.3 kHz d)
[    16.895] (II) modeset(0): Modeline "576x432"x120.1   40.81  576 608 668 760  432 432 434 447 doublescan -hsync +vsync (53.7 kHz d)
[    16.895] (II) modeset(0): Modeline "640x360"x119.7   37.25  640 672 736 832  360 361 364 374 doublescan -hsync +vsync (44.8 kHz d)
[    16.895] (II) modeset(0): Modeline "640x360"x119.7   31.88  640 664 680 720  360 361 364 370 doublescan +hsync -vsync (44.3 kHz d)
[    16.895] (II) modeset(0): Modeline "640x360"x59.8   18.00  640 664 720 800  360 363 368 376 -hsync +vsync (22.5 kHz d)
[    16.895] (II) modeset(0): Modeline "640x360"x59.3   17.75  640 688 720 800  360 363 368 374 +hsync -vsync (22.2 kHz d)
[    16.895] (II) modeset(0): Modeline "512x384"x120.0   32.50  512 524 592 672  384 385 388 403 doublescan -hsync -vsync (48.4 kHz d)
[    16.895] (II) modeset(0): Modeline "512x288"x120.0   23.25  512 532 580 648  288 289 292 299 doublescan -hsync +vsync (35.9 kHz d)
[    16.895] (II) modeset(0): Modeline "512x288"x119.8   21.00  512 536 552 592  288 289 292 296 doublescan +hsync -vsync (35.5 kHz d)
[    16.895] (II) modeset(0): Modeline "480x270"x119.3   20.38  480 496 544 608  270 271 274 281 doublescan -hsync +vsync (33.5 kHz d)
[    16.895] (II) modeset(0): Modeline "480x270"x119.6   18.62  480 504 520 560  270 271 274 278 doublescan +hsync -vsync (33.3 kHz d)
[    16.895] (II) modeset(0): Modeline "400x300"x120.6   20.00  400 420 484 528  300 300 302 314 doublescan +hsync +vsync (37.9 kHz d)
[    16.895] (II) modeset(0): Modeline "400x300"x112.7   18.00  400 412 448 512  300 300 301 312 doublescan +hsync +vsync (35.2 kHz d)
[    16.895] (II) modeset(0): Modeline "432x243"x119.8   16.25  432 444 484 536  243 244 247 253 doublescan -hsync +vsync (30.3 kHz d)
[    16.895] (II) modeset(0): Modeline "432x243"x119.1   15.25  432 456 472 512  243 244 247 250 doublescan +hsync -vsync (29.8 kHz d)
[    16.895] (II) modeset(0): Modeline "320x240"x120.1   12.59  320 328 376 400  240 245 246 262 doublescan -hsync -vsync (31.5 kHz d)
[    16.895] (II) modeset(0): Modeline "360x202"x119.0   11.25  360 372 404 448  202 204 206 211 doublescan -hsync +vsync (25.1 kHz d)
[    16.895] (II) modeset(0): Modeline "360x202"x118.3   10.88  360 384 400 440  202 204 206 209 doublescan +hsync -vsync (24.7 kHz d)
[    16.895] (II) modeset(0): Modeline "320x180"x119.7    9.00  320 332 360 400  180 181 184 188 doublescan -hsync +vsync (22.5 kHz d)
[    16.895] (II) modeset(0): Modeline "320x180"x118.6    8.88  320 344 360 400  180 181 184 187 doublescan +hsync -vsync (22.2 kHz d)
[    16.895] (II) modeset(0): EDID for output DP-1
[    16.899] (II) modeset(0): EDID for output HDMI-1
[    16.899] (II) modeset(0): EDID for output DP-2
[    16.904] (II) modeset(0): EDID for output HDMI-2
[    16.904] (II) modeset(0): Output eDP-1 connected
[    16.904] (II) modeset(0): Output DP-1 disconnected
[    16.904] (II) modeset(0): Output HDMI-1 disconnected
[    16.904] (II) modeset(0): Output DP-2 disconnected
[    16.904] (II) modeset(0): Output HDMI-2 disconnected
[    16.904] (II) modeset(0): Using exact sizes for initial modes
[    16.904] (II) modeset(0): Output eDP-1 using initial mode 1366x768 +0+0
[    16.904] (==) modeset(0): Using gamma correction (1.0, 1.0, 1.0)
[    16.904] (==) modeset(0): DPI set to (96, 96)
[    16.904] (II) Loading sub module "fb"
[    16.904] (II) LoadModule: "fb"
[    16.904] (II) Loading /usr/lib/xorg/modules/libfb.so
[    16.905] (II) Module fb: vendor="X.Org Foundation"
[    16.905] 	compiled for 1.20.13, module version = 1.0.0
[    16.905] 	ABI class: X.Org ANSI C Emulation, version 0.4
[    16.905] (II) UnloadModule: "fbdev"
[    16.905] (II) Unloading fbdev
[    16.905] (II) UnloadSubModule: "fbdevhw"
[    16.905] (II) Unloading fbdevhw
[    16.905] (II) UnloadModule: "vesa"
[    16.905] (II) Unloading vesa
[    16.938] (==) modeset(0): Backing store enabled
[    16.938] (==) modeset(0): Silken mouse enabled
[    17.021] (II) modeset(0): Initializing kms color map for depth 24, 8 bpc.
[    17.021] (==) modeset(0): DPMS enabled
[    17.021] (II) modeset(0): [DRI2] Setup complete
[    17.021] (II) modeset(0): [DRI2]   DRI driver: iris
[    17.021] (II) modeset(0): [DRI2]   VDPAU driver: va_gl
[    17.021] (II) Initializing extension Generic Event Extension
[    17.021] (II) Initializing extension SHAPE
[    17.021] (II) Initializing extension MIT-SHM
[    17.021] (II) Initializing extension XInputExtension
[    17.023] (II) Initializing extension XTEST
[    17.023] (II) Initializing extension BIG-REQUESTS
[    17.023] (II) Initializing extension SYNC
[    17.023] (II) Initializing extension XKEYBOARD
[    17.023] (II) Initializing extension XC-MISC
[    17.023] (II) Initializing extension SECURITY
[    17.023] (II) Initializing extension XFIXES
[    17.024] (II) Initializing extension RENDER
[    17.024] (II) Initializing extension RANDR
[    17.024] (II) Initializing extension COMPOSITE
[    17.024] (II) Initializing extension DAMAGE
[    17.024] (II) Initializing extension MIT-SCREEN-SAVER
[    17.025] (II) Initializing extension DOUBLE-BUFFER
[    17.025] (II) Initializing extension RECORD
[    17.025] (II) Initializing extension DPMS
[    17.025] (II) Initializing extension Present
[    17.025] (II) Initializing extension DRI3
[    17.025] (II) Initializing extension X-Resource
[    17.025] (II) Initializing extension XVideo
[    17.025] (II) Initializing extension XVideo-MotionCompensation
[    17.025] (II) Initializing extension SELinux
[    17.025] (II) SELinux: Disabled on system
[    17.025] (II) Initializing extension GLX
[    17.032] (II) AIGLX: Loaded and initialized iris
[    17.032] (II) GLX: Initialized DRI2 GL provider for screen 0
[    17.032] (II) Initializing extension XFree86-VidModeExtension
[    17.032] (II) Initializing extension XFree86-DGA
[    17.032] (II) Initializing extension XFree86-DRI
[    17.032] (II) Initializing extension DRI2
[    17.033] (II) modeset(0): Damage tracking initialized
[    17.033] (II) modeset(0): Setting screen physical size to 361 x 203
[    17.069] (II) config/udev: Adding input device Power Button (/dev/input/event3)
[    17.069] (**) Power Button: Applying InputClass "libinput keyboard catchall"
[    17.069] (II) LoadModule: "libinput"
[    17.069] (II) Loading /usr/lib/xorg/modules/input/libinput_drv.so
[    17.071] (II) Module libinput: vendor="X.Org Foundation"
[    17.071] 	compiled for 1.20.4, module version = 0.29.0
[    17.071] 	Module class: X.Org XInput Driver
[    17.071] 	ABI class: X.Org XInput driver, version 24.1
[    17.071] (II) Using input driver 'libinput' for 'Power Button'
[    17.072] (II) systemd-logind: got fd for /dev/input/event3 13:67 fd 26 paused 0
[    17.072] (**) Power Button: always reports core events
[    17.072] (**) Option "Device" "/dev/input/event3"
[    17.072] (**) Option "_source" "server/udev"
[    17.074] (II) event3  - Power Button: is tagged by udev as: Keyboard
[    17.074] (II) event3  - Power Button: device is a keyboard
[    17.074] (II) event3  - Power Button: device removed
[    17.074] (**) Option "config_info" "udev:/sys/devices/LNXSYSTM:00/LNXPWRBN:00/input/input3/event3"
[    17.074] (II) XINPUT: Adding extended input device "Power Button" (type: KEYBOARD, id 6)
[    17.074] (**) Option "xkb_model" "pc105"
[    17.074] (**) Option "xkb_layout" "us"
[    17.075] (II) event3  - Power Button: is tagged by udev as: Keyboard
[    17.075] (II) event3  - Power Button: device is a keyboard
[    17.075] (II) config/udev: Adding input device Video Bus (/dev/input/event12)
[    17.075] (**) Video Bus: Applying InputClass "libinput keyboard catchall"
[    17.075] (II) Using input driver 'libinput' for 'Video Bus'
[    17.076] (II) systemd-logind: got fd for /dev/input/event12 13:76 fd 29 paused 0
[    17.076] (**) Video Bus: always reports core events
[    17.076] (**) Option "Device" "/dev/input/event12"
[    17.076] (**) Option "_source" "server/udev"
[    17.077] (II) event12 - Video Bus: is tagged by udev as: Keyboard
[    17.077] (II) event12 - Video Bus: device is a keyboard
[    17.077] (II) event12 - Video Bus: device removed
[    17.077] (**) Option "config_info" "udev:/sys/devices/LNXSYSTM:00/LNXSYBUS:00/PNP0A08:00/LNXVIDEO:00/input/input15/event12"
[    17.077] (II) XINPUT: Adding extended input device "Video Bus" (type: KEYBOARD, id 7)
[    17.077] (**) Option "xkb_model" "pc105"
[    17.077] (**) Option "xkb_layout" "us"
[    17.078] (II) event12 - Video Bus: is tagged by udev as: Keyboard
[    17.078] (II) event12 - Video Bus: device is a keyboard
[    17.078] (II) config/udev: Adding input device Power Button (/dev/input/event1)
[    17.078] (**) Power Button: Applying InputClass "libinput keyboard catchall"
[    17.078] (II) Using input driver 'libinput' for 'Power Button'
[    17.079] (II) systemd-logind: got fd for /dev/input/event1 13:65 fd 30 paused 0
[    17.079] (**) Power Button: always reports core events
[    17.079] (**) Option "Device" "/dev/input/event1"
[    17.079] (**) Option "_source" "server/udev"
[    17.080] (II) event1  - Power Button: is tagged by udev as: Keyboard
[    17.080] (II) event1  - Power Button: device is a keyboard
[    17.080] (II) event1  - Power Button: device removed
[    17.080] (**) Option "config_info" "udev:/sys/devices/LNXSYSTM:00/LNXSYBUS:00/PNP0C0C:00/input/input1/event1"
[    17.080] (II) XINPUT: Adding extended input device "Power Button" (type: KEYBOARD, id 8)
[    17.080] (**) Option "xkb_model" "pc105"
[    17.080] (**) Option "xkb_layout" "us"
[    17.081] (II) event1  - Power Button: is tagged by udev as: Keyboard
[    17.081] (II) event1  - Power Button: device is a keyboard
[    17.082] (II) config/udev: Adding input device Lid Switch (/dev/input/event0)
[    17.082] (II) No input driver specified, ignoring this device.
[    17.082] (II) This device may have been added with another device file.
[    17.082] (II) config/udev: Adding input device Sleep Button (/dev/input/event2)
[    17.082] (**) Sleep Button: Applying InputClass "libinput keyboard catchall"
[    17.082] (II) Using input driver 'libinput' for 'Sleep Button'
[    17.083] (II) systemd-logind: got fd for /dev/input/event2 13:66 fd 31 paused 0
[    17.083] (**) Sleep Button: always reports core events
[    17.083] (**) Option "Device" "/dev/input/event2"
[    17.083] (**) Option "_source" "server/udev"
[    17.084] (II) event2  - Sleep Button: is tagged by udev as: Keyboard
[    17.084] (II) event2  - Sleep Button: device is a keyboard
[    17.084] (II) event2  - Sleep Button: device removed
[    17.084] (**) Option "config_info" "udev:/sys/devices/LNXSYSTM:00/LNXSYBUS:00/PNP0C0E:00/input/input2/event2"
[    17.084] (II) XINPUT: Adding extended input device "Sleep Button" (type: KEYBOARD, id 9)
[    17.084] (**) Option "xkb_model" "pc105"
[    17.084] (**) Option "xkb_layout" "us"
[    17.085] (II) event2  - Sleep Button: is tagged by udev as: Keyboard
[    17.085] (II) event2  - Sleep Button: device is a keyboard
[    17.087] (II) config/udev: Adding input device Integrated_Webcam_HD: Integrate (/dev/input/event6)
[    17.087] (**) Integrated_Webcam_HD: Integrate: Applying InputClass "libinput keyboard catchall"
[    17.087] (II) Using input driver 'libinput' for 'Integrated_Webcam_HD: Integrate'
[    17.088] (II) systemd-logind: got fd for /dev/input/event6 13:70 fd 32 paused 0
[    17.088] (**) Integrated_Webcam_HD: Integrate: always reports core events
[    17.088] (**) Option "Device" "/dev/input/event6"
[    17.088] (**) Option "_source" "server/udev"
[    17.089] (II) event6  - Integrated_Webcam_HD: Integrate: is tagged by udev as: Keyboard
[    17.089] (II) event6  - Integrated_Webcam_HD: Integrate: device is a keyboard
[    17.090] (II) event6  - Integrated_Webcam_HD: Integrate: device removed
[    17.090] (**) Option "config_info" "udev:/sys/devices/pci0000:00/0000:00:14.0/usb1/1-5/1-5:1.0/input/input11/event6"
[    17.090] (II) XINPUT: Adding extended input device "Integrated_Webcam_HD: Integrate" (type: KEYBOARD, id 10)
[    17.090] (**) Option "xkb_model" "pc105"
[    17.090] (**) Option "xkb_layout" "us"
[    17.091] (II) event6  - Integrated_Webcam_HD: Integrate: is tagged by udev as: Keyboard
[    17.091] (II) event6  - Integrated_Webcam_HD: Integrate: device is a keyboard
[    17.092] (II) config/udev: Adding input device DELL081A:00 044E:120A Mouse (/dev/input/event7)
[    17.092] (**) DELL081A:00 044E:120A Mouse: Applying InputClass "libinput pointer catchall"
[    17.092] (II) Using input driver 'libinput' for 'DELL081A:00 044E:120A Mouse'
[    17.093] (II) systemd-logind: got fd for /dev/input/event7 13:71 fd 33 paused 0
[    17.093] (**) DELL081A:00 044E:120A Mouse: always reports core events
[    17.093] (**) Option "Device" "/dev/input/event7"
[    17.093] (**) Option "_source" "server/udev"
[    17.094] (II) event7  - DELL081A:00 044E:120A Mouse: is tagged by udev as: Mouse Pointingstick
[    17.095] (II) event7  - DELL081A:00 044E:120A Mouse: device is a pointer
[    17.095] (II) event7  - DELL081A:00 044E:120A Mouse: device removed
[    17.095] (**) Option "config_info" "udev:/sys/devices/pci0000:00/0000:00:15.1/i2c_designware.1/i2c-2/i2c-DELL081A:00/0018:044E:120A.0001/input/input12/event7"
[    17.095] (II) XINPUT: Adding extended input device "DELL081A:00 044E:120A Mouse" (type: MOUSE, id 11)
[    17.096] (**) Option "AccelerationScheme" "none"
[    17.096] (**) DELL081A:00 044E:120A Mouse: (accel) selected scheme none/0
[    17.096] (**) DELL081A:00 044E:120A Mouse: (accel) acceleration factor: 2.000
[    17.096] (**) DELL081A:00 044E:120A Mouse: (accel) acceleration threshold: 4
[    17.097] (II) event7  - DELL081A:00 044E:120A Mouse: is tagged by udev as: Mouse Pointingstick
[    17.097] (II) event7  - DELL081A:00 044E:120A Mouse: device is a pointer
[    17.099] (II) config/udev: Adding input device DELL081A:00 044E:120A Mouse (/dev/input/mouse0)
[    17.099] (II) No input driver specified, ignoring this device.
[    17.099] (II) This device may have been added with another device file.
[    17.099] (II) config/udev: Adding input device DELL081A:00 044E:120A Touchpad (/dev/input/event10)
[    17.099] (**) DELL081A:00 044E:120A Touchpad: Applying InputClass "libinput touchpad catchall"
[    17.099] (II) Using input driver 'libinput' for 'DELL081A:00 044E:120A Touchpad'
[    17.126] (II) systemd-logind: got fd for /dev/input/event10 13:74 fd 34 paused 0
[    17.126] (**) DELL081A:00 044E:120A Touchpad: always reports core events
[    17.126] (**) Option "Device" "/dev/input/event10"
[    17.126] (**) Option "_source" "server/udev"
[    17.127] (II) event10 - DELL081A:00 044E:120A Touchpad: is tagged by udev as: Touchpad
[    17.128] (II) event10 - DELL081A:00 044E:120A Touchpad: device is a touchpad
[    17.128] (II) event10 - DELL081A:00 044E:120A Touchpad: device removed
[    17.128] (**) Option "config_info" "udev:/sys/devices/pci0000:00/0000:00:15.1/i2c_designware.1/i2c-2/i2c-DELL081A:00/0018:044E:120A.0001/input/input13/event10"
[    17.128] (II) XINPUT: Adding extended input device "DELL081A:00 044E:120A Touchpad" (type: TOUCHPAD, id 12)
[    17.129] (**) Option "AccelerationScheme" "none"
[    17.129] (**) DELL081A:00 044E:120A Touchpad: (accel) selected scheme none/0
[    17.129] (**) DELL081A:00 044E:120A Touchpad: (accel) acceleration factor: 2.000
[    17.129] (**) DELL081A:00 044E:120A Touchpad: (accel) acceleration threshold: 4
[    17.131] (II) event10 - DELL081A:00 044E:120A Touchpad: is tagged by udev as: Touchpad
[    17.132] (II) event10 - DELL081A:00 044E:120A Touchpad: device is a touchpad
[    17.133] (II) config/udev: Adding input device DELL081A:00 044E:120A Touchpad (/dev/input/mouse1)
[    17.133] (II) No input driver specified, ignoring this device.
[    17.133] (II) This device may have been added with another device file.
[    17.134] (II) config/udev: Adding input device DELL081A:00 044E:120A UNKNOWN (/dev/input/event11)
[    17.134] (**) DELL081A:00 044E:120A UNKNOWN: Applying InputClass "libinput keyboard catchall"
[    17.134] (II) Using input driver 'libinput' for 'DELL081A:00 044E:120A UNKNOWN'
[    17.134] (II) systemd-logind: got fd for /dev/input/event11 13:75 fd 35 paused 0
[    17.134] (**) DELL081A:00 044E:120A UNKNOWN: always reports core events
[    17.134] (**) Option "Device" "/dev/input/event11"
[    17.135] (**) Option "_source" "server/udev"
[    17.136] (II) event11 - DELL081A:00 044E:120A UNKNOWN: is tagged by udev as: Keyboard
[    17.136] (II) event11 - DELL081A:00 044E:120A UNKNOWN: device is a keyboard
[    17.136] (II) event11 - DELL081A:00 044E:120A UNKNOWN: device removed
[    17.136] (**) Option "config_info" "udev:/sys/devices/pci0000:00/0000:00:15.1/i2c_designware.1/i2c-2/i2c-DELL081A:00/0018:044E:120A.0001/input/input14/event11"
[    17.136] (II) XINPUT: Adding extended input device "DELL081A:00 044E:120A UNKNOWN" (type: KEYBOARD, id 13)
[    17.136] (**) Option "xkb_model" "pc105"
[    17.137] (**) Option "xkb_layout" "us"
[    17.138] (II) event11 - DELL081A:00 044E:120A UNKNOWN: is tagged by udev as: Keyboard
[    17.138] (II) event11 - DELL081A:00 044E:120A UNKNOWN: device is a keyboard
[    17.139] (II) config/udev: Adding input device HDA Intel PCH Headphone Mic (/dev/input/event13)
[    17.139] (II) No input driver specified, ignoring this device.
[    17.139] (II) This device may have been added with another device file.
[    17.139] (II) config/udev: Adding input device HDA Intel PCH HDMI/DP,pcm=3 (/dev/input/event14)
[    17.139] (II) No input driver specified, ignoring this device.
[    17.139] (II) This device may have been added with another device file.
[    17.139] (II) config/udev: Adding input device HDA Intel PCH HDMI/DP,pcm=7 (/dev/input/event15)
[    17.139] (II) No input driver specified, ignoring this device.
[    17.139] (II) This device may have been added with another device file.
[    17.140] (II) config/udev: Adding input device HDA Intel PCH HDMI/DP,pcm=8 (/dev/input/event16)
[    17.140] (II) No input driver specified, ignoring this device.
[    17.140] (II) This device may have been added with another device file.
[    17.140] (II) config/udev: Adding input device HDA Intel PCH HDMI/DP,pcm=9 (/dev/input/event17)
[    17.140] (II) No input driver specified, ignoring this device.
[    17.140] (II) This device may have been added with another device file.
[    17.141] (II) config/udev: Adding input device HDA Intel PCH HDMI/DP,pcm=10 (/dev/input/event18)
[    17.141] (II) No input driver specified, ignoring this device.
[    17.141] (II) This device may have been added with another device file.
[    17.141] (II) config/udev: Adding input device Intel HID events (/dev/input/event8)
[    17.141] (**) Intel HID events: Applying InputClass "libinput keyboard catchall"
[    17.141] (II) Using input driver 'libinput' for 'Intel HID events'
[    17.142] (II) systemd-logind: got fd for /dev/input/event8 13:72 fd 36 paused 0
[    17.142] (**) Intel HID events: always reports core events
[    17.142] (**) Option "Device" "/dev/input/event8"
[    17.142] (**) Option "_source" "server/udev"
[    17.143] (II) event8  - Intel HID events: is tagged by udev as: Keyboard
[    17.143] (II) event8  - Intel HID events: device is a keyboard
[    17.143] (II) event8  - Intel HID events: device removed
[    17.143] (**) Option "config_info" "udev:/sys/devices/platform/INT33D5:00/input/input8/event8"
[    17.143] (II) XINPUT: Adding extended input device "Intel HID events" (type: KEYBOARD, id 14)
[    17.143] (**) Option "xkb_model" "pc105"
[    17.143] (**) Option "xkb_layout" "us"
[    17.144] (II) event8  - Intel HID events: is tagged by udev as: Keyboard
[    17.144] (II) event8  - Intel HID events: device is a keyboard
[    17.144] (II) config/udev: Adding input device Intel HID 5 button array (/dev/input/event9)
[    17.144] (**) Intel HID 5 button array: Applying InputClass "libinput keyboard catchall"
[    17.144] (II) Using input driver 'libinput' for 'Intel HID 5 button array'
[    17.145] (II) systemd-logind: got fd for /dev/input/event9 13:73 fd 37 paused 0
[    17.145] (**) Intel HID 5 button array: always reports core events
[    17.145] (**) Option "Device" "/dev/input/event9"
[    17.145] (**) Option "_source" "server/udev"
[    17.146] (II) event9  - Intel HID 5 button array: is tagged by udev as: Keyboard
[    17.146] (II) event9  - Intel HID 5 button array: device is a keyboard
[    17.146] (II) event9  - Intel HID 5 button array: device removed
[    17.146] (**) Option "config_info" "udev:/sys/devices/platform/INT33D5:00/input/input9/event9"
[    17.146] (II) XINPUT: Adding extended input device "Intel HID 5 button array" (type: KEYBOARD, id 15)
[    17.146] (**) Option "xkb_model" "pc105"
[    17.146] (**) Option "xkb_layout" "us"
[    17.147] (II) event9  - Intel HID 5 button array: is tagged by udev as: Keyboard
[    17.147] (II) event9  - Intel HID 5 button array: device is a keyboard
[    17.148] (II) config/udev: Adding input device Dell WMI hotkeys (/dev/input/event5)
[    17.148] (**) Dell WMI hotkeys: Applying InputClass "libinput keyboard catchall"
[    17.148] (II) Using input driver 'libinput' for 'Dell WMI hotkeys'
[    17.148] (II) systemd-logind: got fd for /dev/input/event5 13:69 fd 38 paused 0
[    17.148] (**) Dell WMI hotkeys: always reports core events
[    17.148] (**) Option "Device" "/dev/input/event5"
[    17.148] (**) Option "_source" "server/udev"
[    17.149] (II) event5  - Dell WMI hotkeys: is tagged by udev as: Keyboard
[    17.149] (II) event5  - Dell WMI hotkeys: device is a keyboard
[    17.150] (II) event5  - Dell WMI hotkeys: device removed
[    17.150] (**) Option "config_info" "udev:/sys/devices/platform/PNP0C14:01/wmi_bus/wmi_bus-PNP0C14:01/9DBB5994-A997-11DA-B012-B622A1EF5492/input/input10/event5"
[    17.150] (II) XINPUT: Adding extended input device "Dell WMI hotkeys" (type: KEYBOARD, id 16)
[    17.150] (**) Option "xkb_model" "pc105"
[    17.150] (**) Option "xkb_layout" "us"
[    17.151] (II) event5  - Dell WMI hotkeys: is tagged by udev as: Keyboard
[    17.151] (II) event5  - Dell WMI hotkeys: device is a keyboard
[    17.152] (II) config/udev: Adding input device AT Translated Set 2 keyboard (/dev/input/event4)
[    17.152] (**) AT Translated Set 2 keyboard: Applying InputClass "libinput keyboard catchall"
[    17.152] (II) Using input driver 'libinput' for 'AT Translated Set 2 keyboard'
[    17.152] (II) systemd-logind: got fd for /dev/input/event4 13:68 fd 39 paused 0
[    17.152] (**) AT Translated Set 2 keyboard: always reports core events
[    17.152] (**) Option "Device" "/dev/input/event4"
[    17.152] (**) Option "_source" "server/udev"
[    17.153] (II) event4  - AT Translated Set 2 keyboard: is tagged by udev as: Keyboard
[    17.153] (II) event4  - AT Translated Set 2 keyboard: device is a keyboard
[    17.154] (II) event4  - AT Translated Set 2 keyboard: device removed
[    17.154] (**) Option "config_info" "udev:/sys/devices/platform/i8042/serio0/input/input4/event4"
[    17.154] (II) XINPUT: Adding extended input device "AT Translated Set 2 keyboard" (type: KEYBOARD, id 17)
[    17.154] (**) Option "xkb_model" "pc105"
[    17.154] (**) Option "xkb_layout" "us"
[    17.155] (II) event4  - AT Translated Set 2 keyboard: is tagged by udev as: Keyboard
[    17.155] (II) event4  - AT Translated Set 2 keyboard: device is a keyboard
[    17.721] (II) modeset(0): EDID vendor "BOE", prod id 1736
[    17.721] (II) modeset(0): Printing DDC gathered Modelines:
[    17.721] (II) modeset(0): Modeline "1366x768"x0.0   70.12  1366 1414 1446 1485  768 772 776 787 +hsync -vsync (47.2 kHz eP)
[    17.721] (II) modeset(0): Modeline "1366x768"x0.0   60.20  1366 1466 1566 1750  768 788 808 860 +hsync -vsync (34.4 kHz e)
