[06/15/23, 11:46:49:541] info: 
╔══════════════════════════════════════════════════════════════════╗
║      Slack 4.32.127, linux (Store) 5.15.0-67-generic on x64      ║
╚══════════════════════════════════════════════════════════════════╝ 
[06/15/23, 11:46:49:541] info: Configured logger via 
{
  "enableConsoleTransport": true,
  "identifierOverride": "webapp-service-worker-console",
  "shouldUseNewBackend": false,
  "loggerInstanceCount": 2
}
[06/15/23, 11:46:49:541] info: Predefined values for process 
{
  "NODE_ENV": "production",
  "platform": "linux",
  "type": "browser",
  "timeZone": "Asia/Calcutta",
  "PACKAGE_MANIFEST.productName": "Slack",
  "PACKAGE_MANIFEST.version": "4.32.127",
  "PACKAGE_MANIFEST.commit": "dba8d27",
  "PACKAGE_MANIFEST.branch": "HEAD"
}
[06/15/23, 14:32:58:233] info: 
╔══════════════════════════════════════════════════════════════════╗
║      Slack 4.32.127, linux (Store) 5.15.0-67-generic on x64      ║
╚══════════════════════════════════════════════════════════════════╝ 
[06/15/23, 14:32:58:233] info: Configured logger via 
{
  "enableConsoleTransport": true,
  "identifierOverride": "webapp-service-worker-console",
  "shouldUseNewBackend": false,
  "loggerInstanceCount": 2
}
[06/15/23, 14:32:58:234] info: Predefined values for process 
{
  "NODE_ENV": "production",
  "platform": "linux",
  "type": "browser",
  "timeZone": "Asia/Calcutta",
  "PACKAGE_MANIFEST.productName": "Slack",
  "PACKAGE_MANIFEST.version": "4.32.127",
  "PACKAGE_MANIFEST.commit": "dba8d27",
  "PACKAGE_MANIFEST.branch": "HEAD"
}
[06/16/23, 11:04:28:041] info: 
╔══════════════════════════════════════════════════════════════════╗
║      Slack 4.32.127, linux (Store) 5.15.0-67-generic on x64      ║
╚══════════════════════════════════════════════════════════════════╝ 
[06/16/23, 11:04:28:042] info: Configured logger via 
{
  "enableConsoleTransport": true,
  "identifierOverride": "webapp-service-worker-console",
  "shouldUseNewBackend": false,
  "loggerInstanceCount": 2
}
[06/16/23, 11:04:28:042] info: Predefined values for process 
{
  "NODE_ENV": "production",
  "platform": "linux",
  "type": "browser",
  "timeZone": "Asia/Calcutta",
  "PACKAGE_MANIFEST.productName": "Slack",
  "PACKAGE_MANIFEST.version": "4.32.127",
  "PACKAGE_MANIFEST.commit": "dba8d27",
  "PACKAGE_MANIFEST.branch": "HEAD"
}
[06/16/23, 14:32:49:389] info: 
╔══════════════════════════════════════════════════════════════════╗
║      Slack 4.32.127, linux (Store) 5.15.0-67-generic on x64      ║
╚══════════════════════════════════════════════════════════════════╝ 
[06/16/23, 14:32:49:389] info: Configured logger via 
{
  "enableConsoleTransport": true,
  "identifierOverride": "webapp-service-worker-console",
  "shouldUseNewBackend": false,
  "loggerInstanceCount": 2
}
[06/16/23, 14:32:49:390] info: Predefined values for process 
{
  "NODE_ENV": "production",
  "platform": "linux",
  "type": "browser",
  "timeZone": "Asia/Calcutta",
  "PACKAGE_MANIFEST.productName": "Slack",
  "PACKAGE_MANIFEST.version": "4.32.127",
  "PACKAGE_MANIFEST.commit": "dba8d27",
  "PACKAGE_MANIFEST.branch": "HEAD"
}
[06/17/23, 11:13:25:075] info: 
╔══════════════════════════════════════════════════════════════════╗
║      Slack 4.32.127, linux (Store) 5.15.0-67-generic on x64      ║
╚══════════════════════════════════════════════════════════════════╝ 
[06/17/23, 11:13:25:075] info: Configured logger via 
{
  "enableConsoleTransport": true,
  "identifierOverride": "webapp-service-worker-console",
  "shouldUseNewBackend": false,
  "loggerInstanceCount": 2
}
[06/17/23, 11:13:25:076] info: Predefined values for process 
{
  "NODE_ENV": "production",
  "platform": "linux",
  "type": "browser",
  "timeZone": "Asia/Calcutta",
  "PACKAGE_MANIFEST.productName": "Slack",
  "PACKAGE_MANIFEST.version": "4.32.127",
  "PACKAGE_MANIFEST.commit": "dba8d27",
  "PACKAGE_MANIFEST.branch": "HEAD"
}
[06/17/23, 11:19:07:801] info: 
╔══════════════════════════════════════════════════════════════════╗
║      Slack 4.32.127, linux (Store) 5.15.0-67-generic on x64      ║
╚══════════════════════════════════════════════════════════════════╝ 
[06/17/23, 11:19:07:801] info: Configured logger via 
{
  "enableConsoleTransport": true,
  "identifierOverride": "webapp-service-worker-console",
  "shouldUseNewBackend": false,
  "loggerInstanceCount": 2
}
[06/17/23, 11:19:07:802] info: Predefined values for process 
{
  "NODE_ENV": "production",
  "platform": "linux",
  "type": "browser",
  "timeZone": "Asia/Calcutta",
  "PACKAGE_MANIFEST.productName": "Slack",
  "PACKAGE_MANIFEST.version": "4.32.127",
  "PACKAGE_MANIFEST.commit": "dba8d27",
  "PACKAGE_MANIFEST.branch": "HEAD"
}
[06/17/23, 16:18:36:345] info: 
╔══════════════════════════════════════════════════════════════════╗
║      Slack 4.32.127, linux (Store) 5.15.0-67-generic on x64      ║
╚══════════════════════════════════════════════════════════════════╝ 
[06/17/23, 16:18:36:345] info: Configured logger via 
{
  "enableConsoleTransport": true,
  "identifierOverride": "webapp-service-worker-console",
  "shouldUseNewBackend": false,
  "loggerInstanceCount": 2
}
[06/17/23, 16:18:36:346] info: Predefined values for process 
{
  "NODE_ENV": "production",
  "platform": "linux",
  "type": "browser",
  "timeZone": "Asia/Calcutta",
  "PACKAGE_MANIFEST.productName": "Slack",
  "PACKAGE_MANIFEST.version": "4.32.127",
  "PACKAGE_MANIFEST.commit": "dba8d27",
  "PACKAGE_MANIFEST.branch": "HEAD"
}
[06/17/23, 19:55:55:332] info: 
╔══════════════════════════════════════════════════════════════════╗
║      Slack 4.32.127, linux (Store) 5.15.0-67-generic on x64      ║
╚══════════════════════════════════════════════════════════════════╝ 
[06/17/23, 19:55:55:332] info: Configured logger via 
{
  "enableConsoleTransport": true,
  "identifierOverride": "webapp-service-worker-console",
  "shouldUseNewBackend": false,
  "loggerInstanceCount": 2
}
[06/17/23, 19:55:55:332] info: Predefined values for process 
{
  "NODE_ENV": "production",
  "platform": "linux",
  "type": "browser",
  "timeZone": "Asia/Calcutta",
  "PACKAGE_MANIFEST.productName": "Slack",
  "PACKAGE_MANIFEST.version": "4.32.127",
  "PACKAGE_MANIFEST.commit": "dba8d27",
  "PACKAGE_MANIFEST.branch": "HEAD"
}
[06/17/23, 21:22:26:433] info: 
╔══════════════════════════════════════════════════════════════════╗
║      Slack 4.32.127, linux (Store) 5.15.0-67-generic on x64      ║
╚══════════════════════════════════════════════════════════════════╝ 
[06/17/23, 21:22:26:433] info: Configured logger via 
{
  "enableConsoleTransport": true,
  "identifierOverride": "webapp-service-worker-console",
  "shouldUseNewBackend": false,
  "loggerInstanceCount": 2
}
[06/17/23, 21:22:26:433] info: Predefined values for process 
{
  "NODE_ENV": "production",
  "platform": "linux",
  "type": "browser",
  "timeZone": "Asia/Calcutta",
  "PACKAGE_MANIFEST.productName": "Slack",
  "PACKAGE_MANIFEST.version": "4.32.127",
  "PACKAGE_MANIFEST.commit": "dba8d27",
  "PACKAGE_MANIFEST.branch": "HEAD"
}
[06/18/23, 12:41:31:328] info: 
╔══════════════════════════════════════════════════════════════════╗
║      Slack 4.32.127, linux (Store) 5.15.0-67-generic on x64      ║
╚══════════════════════════════════════════════════════════════════╝ 
[06/18/23, 12:41:31:328] info: Configured logger via 
{
  "enableConsoleTransport": true,
  "identifierOverride": "webapp-service-worker-console",
  "shouldUseNewBackend": false,
  "loggerInstanceCount": 2
}
[06/18/23, 12:41:31:329] info: Predefined values for process 
{
  "NODE_ENV": "production",
  "platform": "linux",
  "type": "browser",
  "timeZone": "Asia/Calcutta",
  "PACKAGE_MANIFEST.productName": "Slack",
  "PACKAGE_MANIFEST.version": "4.32.127",
  "PACKAGE_MANIFEST.commit": "dba8d27",
  "PACKAGE_MANIFEST.branch": "HEAD"
}
[06/18/23, 15:21:29:299] info: 
╔══════════════════════════════════════════════════════════════════╗
║      Slack 4.32.127, linux (Store) 5.15.0-67-generic on x64      ║
╚══════════════════════════════════════════════════════════════════╝ 
[06/18/23, 15:21:29:300] info: Configured logger via 
{
  "enableConsoleTransport": true,
  "identifierOverride": "webapp-service-worker-console",
  "shouldUseNewBackend": false,
  "loggerInstanceCount": 2
}
[06/18/23, 15:21:29:300] info: Predefined values for process 
{
  "NODE_ENV": "production",
  "platform": "linux",
  "type": "browser",
  "timeZone": "Asia/Calcutta",
  "PACKAGE_MANIFEST.productName": "Slack",
  "PACKAGE_MANIFEST.version": "4.32.127",
  "PACKAGE_MANIFEST.commit": "dba8d27",
  "PACKAGE_MANIFEST.branch": "HEAD"
}
[06/18/23, 15:21:50:791] info: 
╔══════════════════════════════════════════════════════════════════╗
║      Slack 4.32.127, linux (Store) 5.15.0-67-generic on x64      ║
╚══════════════════════════════════════════════════════════════════╝ 
[06/18/23, 15:21:50:791] info: Configured logger via 
{
  "enableConsoleTransport": true,
  "identifierOverride": "webapp-service-worker-console",
  "shouldUseNewBackend": false,
  "loggerInstanceCount": 2
}
[06/18/23, 15:21:50:792] info: Predefined values for process 
{
  "NODE_ENV": "production",
  "platform": "linux",
  "type": "browser",
  "timeZone": "Asia/Calcutta",
  "PACKAGE_MANIFEST.productName": "Slack",
  "PACKAGE_MANIFEST.version": "4.32.127",
  "PACKAGE_MANIFEST.commit": "dba8d27",
  "PACKAGE_MANIFEST.branch": "HEAD"
}
[06/18/23, 18:14:32:804] info: 
╔══════════════════════════════════════════════════════════════════╗
║      Slack 4.32.127, linux (Store) 5.15.0-67-generic on x64      ║
╚══════════════════════════════════════════════════════════════════╝ 
[06/18/23, 18:14:32:804] info: Configured logger via 
{
  "enableConsoleTransport": true,
  "identifierOverride": "webapp-service-worker-console",
  "shouldUseNewBackend": false,
  "loggerInstanceCount": 2
}
[06/18/23, 18:14:32:805] info: Predefined values for process 
{
  "NODE_ENV": "production",
  "platform": "linux",
  "type": "browser",
  "timeZone": "Asia/Calcutta",
  "PACKAGE_MANIFEST.productName": "Slack",
  "PACKAGE_MANIFEST.version": "4.32.127",
  "PACKAGE_MANIFEST.commit": "dba8d27",
  "PACKAGE_MANIFEST.branch": "HEAD"
}
[06/18/23, 21:08:59:612] info: 
╔══════════════════════════════════════════════════════════════════╗
║      Slack 4.32.127, linux (Store) 5.15.0-67-generic on x64      ║
╚══════════════════════════════════════════════════════════════════╝ 
[06/18/23, 21:08:59:612] info: Configured logger via 
{
  "enableConsoleTransport": true,
  "identifierOverride": "webapp-service-worker-console",
  "shouldUseNewBackend": false,
  "loggerInstanceCount": 2
}
[06/18/23, 21:08:59:613] info: Predefined values for process 
{
  "NODE_ENV": "production",
  "platform": "linux",
  "type": "browser",
  "timeZone": "Asia/Calcutta",
  "PACKAGE_MANIFEST.productName": "Slack",
  "PACKAGE_MANIFEST.version": "4.32.127",
  "PACKAGE_MANIFEST.commit": "dba8d27",
  "PACKAGE_MANIFEST.branch": "HEAD"
}
[06/19/23, 11:09:13:648] info: 
╔══════════════════════════════════════════════════════════════════╗
║      Slack 4.32.127, linux (Store) 5.15.0-67-generic on x64      ║
╚══════════════════════════════════════════════════════════════════╝ 
[06/19/23, 11:09:13:648] info: Configured logger via 
{
  "enableConsoleTransport": true,
  "identifierOverride": "webapp-service-worker-console",
  "shouldUseNewBackend": false,
  "loggerInstanceCount": 2
}
[06/19/23, 11:09:13:649] info: Predefined values for process 
{
  "NODE_ENV": "production",
  "platform": "linux",
  "type": "browser",
  "timeZone": "Asia/Calcutta",
  "PACKAGE_MANIFEST.productName": "Slack",
  "PACKAGE_MANIFEST.version": "4.32.127",
  "PACKAGE_MANIFEST.commit": "dba8d27",
  "PACKAGE_MANIFEST.branch": "HEAD"
}
[06/19/23, 14:36:21:215] info: 
╔══════════════════════════════════════════════════════════════════╗
║      Slack 4.32.127, linux (Store) 5.15.0-75-generic on x64      ║
╚══════════════════════════════════════════════════════════════════╝ 
[06/19/23, 14:36:21:215] info: Configured logger via 
{
  "enableConsoleTransport": true,
  "identifierOverride": "webapp-service-worker-console",
  "shouldUseNewBackend": false,
  "loggerInstanceCount": 2
}
[06/19/23, 14:36:21:216] info: Predefined values for process 
{
  "NODE_ENV": "production",
  "platform": "linux",
  "type": "browser",
  "timeZone": "Asia/Calcutta",
  "PACKAGE_MANIFEST.productName": "Slack",
  "PACKAGE_MANIFEST.version": "4.32.127",
  "PACKAGE_MANIFEST.commit": "dba8d27",
  "PACKAGE_MANIFEST.branch": "HEAD"
}
